08:45:26 [INFO] root: 08:45:26.493 [INFO] [DASHBOARD_INIT]  Initializing DashboardApp for Demo mode
08:45:26 [INFO] root: 08:45:26.493 [INFO] [DASHBOARD_INIT]  Initializing DashboardApp for Demo mode
08:45:26 [INFO] root: 08:45:26.498 [INFO] [DEMO_CLI_CREATE]  Creating enhanced demo CLI for port: DEMO
08:45:26 [INFO] root: 08:45:26.498 [INFO] [DEMO_CLI_CREATE]  Creating enhanced demo CLI for port: DEMO
08:45:26 [INFO] root: 08:45:26.498 [INFO] [DEMO_PARSER_INIT]  Enhanced parser initialized with cache manager
08:45:26 [INFO] root: 08:45:26.498 [INFO] [DEMO_PARSER_INIT]  Enhanced parser initialized with cache manager
08:45:26 [INFO] root: 08:45:26.499 [INFO] [DEMO_FILE_SEARCH]  Searching for demo sysinfo file
08:45:26 [INFO] root: 08:45:26.499 [INFO] [DEMO_FILE_SEARCH]  Searching for demo sysinfo file
08:45:26 [INFO] root: 08:45:26.500 [INFO] [FILE_LOADED]  Loaded demo sysinfo from DemoData/sysinfo.txt (1459 chars)
08:45:26 [INFO] root: 08:45:26.500 [INFO] [FILE_LOADED]  Loaded demo sysinfo from DemoData/sysinfo.txt (1459 chars)
08:45:26 [INFO] root: 08:45:26.500 [INFO] [CONTENT_VERIFIED]  Sysinfo content verification passed
08:45:26 [INFO] root: 08:45:26.500 [INFO] [CONTENT_VERIFIED]  Sysinfo content verification passed
08:45:26 [INFO] root: 08:45:26.500 [INFO] [SHOWPORT_SEARCH]  Searching for demo showport.txt file
08:45:26 [INFO] root: 08:45:26.500 [INFO] [SHOWPORT_SEARCH]  Searching for demo showport.txt file
08:45:26 [INFO] root: 08:45:26.501 [INFO] [SHOWPORT_LOADED]  Loaded demo showport from DemoData/showport.txt (454 chars)
08:45:26 [INFO] root: 08:45:26.501 [INFO] [SHOWPORT_LOADED]  Loaded demo showport from DemoData/showport.txt (454 chars)
08:45:26 [INFO] root: 08:45:26.502 [INFO] [DEMO_PARSE_START]  Parsing initial demo content
08:45:26 [INFO] root: 08:45:26.502 [INFO] [DEMO_PARSE_START]  Parsing initial demo content
08:45:26 [INFO] root: 08:45:26.590 [INFO] [DEMO_PARSE_SUCCESS]  Initial demo content parsed successfully
08:45:26 [INFO] root: 08:45:26.590 [INFO] [DEMO_PARSE_SUCCESS]  Initial demo content parsed successfully
08:45:26 [ERROR] root: 08:45:26.590 [ERROR] [DEMO_PARSE_EXCEPTION]  Initial demo content parsing exception: 'DeviceDataCache' object has no attribute 'store'
08:45:26 [ERROR] root: 08:45:26.590 [ERROR] [DEMO_PARSE_EXCEPTION]  Initial demo content parsing exception: 'DeviceDataCache' object has no attribute 'store'
08:45:26 [INFO] root: 08:45:26.590 [INFO] [DEMO_CLI_INIT]  Enhanced UnifiedDemoSerialCLI initialized for DEMO
08:45:26 [INFO] root: 08:45:26.590 [INFO] [DEMO_CLI_INIT]  Enhanced UnifiedDemoSerialCLI initialized for DEMO
08:45:26 [INFO] root: 08:45:26.590 [INFO] [DEMO_SYSINFO_LOADED]  Demo sysinfo content loaded: 1459 chars
08:45:26 [INFO] root: 08:45:26.590 [INFO] [DEMO_SYSINFO_LOADED]  Demo sysinfo content loaded: 1459 chars
08:45:26 [INFO] root: 08:45:26.591 [INFO] [DEMO_SHOWPORT_LOADED]  Demo showport content loaded: 454 chars
08:45:26 [INFO] root: 08:45:26.591 [INFO] [DEMO_SHOWPORT_LOADED]  Demo showport content loaded: 454 chars
08:45:26 [INFO] root: 08:45:26.591 [INFO] [DEMO_PARSER_AVAILABLE]  Enhanced parser available for demo parsing
08:45:26 [INFO] root: 08:45:26.591 [INFO] [DEMO_PARSER_AVAILABLE]  Enhanced parser available for demo parsing
08:45:26 [INFO] root: 08:45:26.591 [INFO] [DEMO_CLI_CREATE_SUCCESS]  Enhanced demo CLI created successfully
08:45:26 [INFO] root: 08:45:26.591 [INFO] [DEMO_CLI_CREATE_SUCCESS]  Enhanced demo CLI created successfully
08:45:26 [INFO] root: 08:45:26.591 [INFO] [CLI_ENHANCED_DEMO]  Using Enhanced UnifiedDemoSerialCLI for demo mode
08:45:26 [INFO] root: 08:45:26.591 [INFO] [CLI_ENHANCED_DEMO]  Using Enhanced UnifiedDemoSerialCLI for demo mode
08:45:26 [INFO] root: 08:45:26.592 [INFO] [DEMO_BG_START]  Enhanced UnifiedDemoSerialCLI background thread started
08:45:26 [INFO] root: 08:45:26.592 [INFO] [DEMO_BG_START]  Enhanced UnifiedDemoSerialCLI background thread started
08:45:26 [INFO] root: 08:45:26.592 [INFO] [DEMO_BG_THREAD]  Demo background thread started
08:45:26 [INFO] root: 08:45:26.592 [INFO] [DEMO_BG_END]  Enhanced background thread ending
08:45:26 [INFO] root: 08:45:26.592 [INFO] [DEMO_BG_THREAD]  Demo background thread started
08:45:26 [INFO] root: 08:45:26.592 [INFO] [DEMO_BG_END]  Enhanced background thread ending
08:45:26 [INFO] root: 08:45:26.771 [INFO] [HOST_DASHBOARD_CREATE]  Creating host dashboard
08:45:26 [INFO] root: 08:45:26.771 [INFO] [HOST_DASHBOARD_CREATE]  Creating host dashboard
08:45:26 [INFO] root: 08:45:26.771 [INFO] [HOST_DEMO_DATA]  Using enhanced demo data for host dashboard
08:45:26 [INFO] root: 08:45:26.771 [INFO] [HOST_DEMO_DATA]  Using enhanced demo data for host dashboard
08:45:26 [INFO] root: 08:45:26.869 [INFO] [HOST_DEMO_SUCCESS]  Host dashboard created from enhanced demo data
08:45:26 [INFO] root: 08:45:26.869 [INFO] [HOST_DEMO_SUCCESS]  Host dashboard created from enhanced demo data
08:45:26 [INFO] root: 08:45:26.869 [INFO] [DEVICE_CONNECT]  Connecting to device (Demo mode: True)
08:45:26 [INFO] root: 08:45:26.869 [INFO] [DEVICE_CONNECT]  Connecting to device (Demo mode: True)
08:45:26 [INFO] root: 08:45:26.869 [INFO] [DEMO_CONNECT_START]  Initializing enhanced unified demo mode
08:45:26 [INFO] root: 08:45:26.869 [INFO] [DEMO_CONNECT_START]  Initializing enhanced unified demo mode
08:45:26 [INFO] root: 08:45:26.869 [INFO] [DEMO_CONNECT_DELAY]  Simulating connection delay: 0.1s
08:45:26 [INFO] root: 08:45:26.869 [INFO] [DEMO_CONNECT_DELAY]  Simulating connection delay: 0.1s
08:45:26 [INFO] root: 08:45:26.970 [INFO] [DEMO_SYSINFO_READY]  Sysinfo data available for demo mode
08:45:26 [INFO] root: 08:45:26.970 [INFO] [DEMO_SYSINFO_READY]  Sysinfo data available for demo mode
08:45:26 [INFO] root: 08:45:26.970 [INFO] [DEMO_PARSER_READY]  Enhanced parser ready for demo parsing
08:45:26 [INFO] root: 08:45:26.970 [INFO] [DEMO_PARSER_READY]  Enhanced parser ready for demo parsing
08:45:26 [INFO] root: 08:45:26.970 [INFO] [DEMO_CONNECT_SUCCESS]  Enhanced UnifiedDemoSerialCLI connected successfully
08:45:26 [INFO] root: 08:45:26.970 [INFO] [DEMO_CONNECT_SUCCESS]  Enhanced UnifiedDemoSerialCLI connected successfully
08:45:26 [INFO] root: 08:45:26.970 [INFO] [CLI_CONNECT_SUCCESS]  CLI connected successfully
08:45:26 [INFO] root: 08:45:26.970 [INFO] [CLI_CONNECT_SUCCESS]  CLI connected successfully
08:45:26 [INFO] root: 08:45:26.970 [INFO] [DEMO_ENHANCED_DATA]  Using enhanced demo data
08:45:26 [INFO] root: 08:45:26.970 [INFO] [DEMO_ENHANCED_DATA]  Using enhanced demo data
08:45:26 [INFO] root: 08:45:26.971 [INFO] [DEMO_BG_START]  Enhanced UnifiedDemoSerialCLI background thread started
08:45:26 [INFO] root: 08:45:26.971 [INFO] [DEMO_BG_START]  Enhanced UnifiedDemoSerialCLI background thread started
08:45:26 [INFO] root: 08:45:26.993 [INFO] [HOST_DASHBOARD_CREATE]  Creating host dashboard
08:45:26 [INFO] root: 08:45:26.993 [INFO] [HOST_DASHBOARD_CREATE]  Creating host dashboard
08:45:26 [INFO] root: 08:45:26.994 [INFO] [HOST_DEMO_DATA]  Using enhanced demo data for host dashboard
08:45:26 [INFO] root: 08:45:26.994 [INFO] [HOST_DEMO_DATA]  Using enhanced demo data for host dashboard
08:45:27 [INFO] root: 08:45:27.023 [INFO] [HOST_DEMO_SUCCESS]  Host dashboard created from enhanced demo data
08:45:27 [INFO] root: 08:45:27.023 [INFO] [HOST_DEMO_SUCCESS]  Host dashboard created from enhanced demo data
08:45:40 [INFO] root: 08:45:40.183 [INFO] [HOST_DASHBOARD_CREATE]  Creating host dashboard
08:45:40 [INFO] root: 08:45:40.183 [INFO] [HOST_DASHBOARD_CREATE]  Creating host dashboard
08:45:40 [INFO] root: 08:45:40.183 [INFO] [HOST_DEMO_DATA]  Using enhanced demo data for host dashboard
08:45:40 [INFO] root: 08:45:40.183 [INFO] [HOST_DEMO_DATA]  Using enhanced demo data for host dashboard
08:45:40 [INFO] root: 08:45:40.213 [INFO] [HOST_DEMO_SUCCESS]  Host dashboard created from enhanced demo data
08:45:40 [INFO] root: 08:45:40.213 [INFO] [HOST_DEMO_SUCCESS]  Host dashboard created from enhanced demo data
08:45:45 [INFO] root: 08:45:45.765 [INFO] [HOST_DASHBOARD_CREATE]  Creating host dashboard
08:45:45 [INFO] root: 08:45:45.765 [INFO] [HOST_DASHBOARD_CREATE]  Creating host dashboard
08:45:45 [INFO] root: 08:45:45.765 [INFO] [HOST_DEMO_DATA]  Using enhanced demo data for host dashboard
08:45:45 [INFO] root: 08:45:45.765 [INFO] [HOST_DEMO_DATA]  Using enhanced demo data for host dashboard
08:45:45 [INFO] root: 08:45:45.778 [INFO] [HOST_DEMO_SUCCESS]  Host dashboard created from enhanced demo data
08:45:45 [INFO] root: 08:45:45.778 [INFO] [HOST_DEMO_SUCCESS]  Host dashboard created from enhanced demo data
08:45:57 [INFO] root: 08:45:57.697 [INFO] [DEMO_DISCONNECT]  Disconnecting enhanced demo mode
08:45:57 [INFO] root: 08:45:57.697 [INFO] [DEMO_DISCONNECT]  Disconnecting enhanced demo mode
08:45:57 [INFO] root: 08:45:57.697 [INFO] [DEMO_DISCONNECT_SUCCESS]  Enhanced UnifiedDemoSerialCLI disconnected
08:45:57 [INFO] root: 08:45:57.697 [INFO] [DEMO_DISCONNECT_SUCCESS]  Enhanced UnifiedDemoSerialCLI disconnected
09:06:46 [INFO] root: 09:06:46.630 [INFO] [DASHBOARD_INIT]  Initializing DashboardApp for Demo mode
09:06:46 [INFO] root: 09:06:46.630 [INFO] [DASHBOARD_INIT]  Initializing DashboardApp for Demo mode
09:06:46 [INFO] root: 09:06:46.633 [INFO] [DEMO_CLI_CREATE]  Creating enhanced demo CLI for port: DEMO
09:06:46 [INFO] root: 09:06:46.633 [INFO] [DEMO_CLI_CREATE]  Creating enhanced demo CLI for port: DEMO
09:06:46 [INFO] root: 09:06:46.633 [INFO] [DEMO_PARSER_INIT]  Enhanced parser initialized with cache manager
09:06:46 [INFO] root: 09:06:46.633 [INFO] [DEMO_PARSER_INIT]  Enhanced parser initialized with cache manager
09:06:46 [INFO] root: 09:06:46.634 [INFO] [DEMO_FILE_SEARCH]  Searching for demo sysinfo file
09:06:46 [INFO] root: 09:06:46.634 [INFO] [DEMO_FILE_SEARCH]  Searching for demo sysinfo file
09:06:46 [INFO] root: 09:06:46.635 [INFO] [FILE_LOADED]  Loaded demo sysinfo from DemoData/sysinfo.txt (1459 chars)
09:06:46 [INFO] root: 09:06:46.635 [INFO] [FILE_LOADED]  Loaded demo sysinfo from DemoData/sysinfo.txt (1459 chars)
09:06:46 [INFO] root: 09:06:46.635 [INFO] [CONTENT_VERIFIED]  Sysinfo content verification passed
09:06:46 [INFO] root: 09:06:46.635 [INFO] [CONTENT_VERIFIED]  Sysinfo content verification passed
09:06:46 [INFO] root: 09:06:46.636 [INFO] [SHOWPORT_SEARCH]  Searching for demo showport.txt file
09:06:46 [INFO] root: 09:06:46.636 [INFO] [SHOWPORT_SEARCH]  Searching for demo showport.txt file
09:06:46 [INFO] root: 09:06:46.637 [INFO] [SHOWPORT_LOADED]  Loaded demo showport from DemoData/showport.txt (454 chars)
09:06:46 [INFO] root: 09:06:46.637 [INFO] [SHOWPORT_LOADED]  Loaded demo showport from DemoData/showport.txt (454 chars)
09:06:46 [INFO] root: 09:06:46.637 [INFO] [DEMO_PARSE_START]  Parsing initial demo content
09:06:46 [INFO] root: 09:06:46.637 [INFO] [DEMO_PARSE_START]  Parsing initial demo content
09:06:46 [INFO] root: 09:06:46.733 [INFO] [DEMO_PARSE_SUCCESS]  Initial demo content parsed successfully
09:06:46 [INFO] root: 09:06:46.733 [INFO] [DEMO_PARSE_SUCCESS]  Initial demo content parsed successfully
09:06:46 [ERROR] root: 09:06:46.733 [ERROR] [DEMO_PARSE_EXCEPTION]  Initial demo content parsing exception: 'DeviceDataCache' object has no attribute 'store'
09:06:46 [ERROR] root: 09:06:46.733 [ERROR] [DEMO_PARSE_EXCEPTION]  Initial demo content parsing exception: 'DeviceDataCache' object has no attribute 'store'
09:06:46 [INFO] root: 09:06:46.733 [INFO] [DEMO_CLI_INIT]  Enhanced UnifiedDemoSerialCLI initialized for DEMO
09:06:46 [INFO] root: 09:06:46.733 [INFO] [DEMO_CLI_INIT]  Enhanced UnifiedDemoSerialCLI initialized for DEMO
09:06:46 [INFO] root: 09:06:46.733 [INFO] [DEMO_SYSINFO_LOADED]  Demo sysinfo content loaded: 1459 chars
09:06:46 [INFO] root: 09:06:46.733 [INFO] [DEMO_SYSINFO_LOADED]  Demo sysinfo content loaded: 1459 chars
09:06:46 [INFO] root: 09:06:46.733 [INFO] [DEMO_SHOWPORT_LOADED]  Demo showport content loaded: 454 chars
09:06:46 [INFO] root: 09:06:46.733 [INFO] [DEMO_SHOWPORT_LOADED]  Demo showport content loaded: 454 chars
09:06:46 [INFO] root: 09:06:46.733 [INFO] [DEMO_PARSER_AVAILABLE]  Enhanced parser available for demo parsing
09:06:46 [INFO] root: 09:06:46.733 [INFO] [DEMO_PARSER_AVAILABLE]  Enhanced parser available for demo parsing
09:06:46 [INFO] root: 09:06:46.734 [INFO] [DEMO_CLI_CREATE_SUCCESS]  Enhanced demo CLI created successfully
09:06:46 [INFO] root: 09:06:46.734 [INFO] [DEMO_CLI_CREATE_SUCCESS]  Enhanced demo CLI created successfully
09:06:46 [INFO] root: 09:06:46.734 [INFO] [CLI_ENHANCED_DEMO]  Using Enhanced UnifiedDemoSerialCLI for demo mode
09:06:46 [INFO] root: 09:06:46.734 [INFO] [CLI_ENHANCED_DEMO]  Using Enhanced UnifiedDemoSerialCLI for demo mode
09:06:46 [INFO] root: 09:06:46.734 [INFO] [DEMO_BG_START]  Enhanced UnifiedDemoSerialCLI background thread started
09:06:46 [INFO] root: 09:06:46.735 [INFO] [DEMO_BG_THREAD]  Demo background thread started
09:06:46 [INFO] root: 09:06:46.734 [INFO] [DEMO_BG_START]  Enhanced UnifiedDemoSerialCLI background thread started
09:06:46 [INFO] root: 09:06:46.735 [INFO] [DEMO_BG_THREAD]  Demo background thread started
09:06:46 [INFO] root: 09:06:46.735 [INFO] [DEMO_BG_END]  Enhanced background thread ending
09:06:46 [INFO] root: 09:06:46.735 [INFO] [DEMO_BG_END]  Enhanced background thread ending
09:06:46 [INFO] root: 09:06:46.899 [INFO] [HOST_DASHBOARD_CREATE]  Creating host dashboard
09:06:46 [INFO] root: 09:06:46.899 [INFO] [HOST_DASHBOARD_CREATE]  Creating host dashboard
09:06:46 [INFO] root: 09:06:46.899 [INFO] [HOST_DEMO_DATA]  Using enhanced demo data for host dashboard
09:06:46 [INFO] root: 09:06:46.899 [INFO] [HOST_DEMO_DATA]  Using enhanced demo data for host dashboard
09:06:47 [INFO] root: 09:06:47.007 [INFO] [HOST_DEMO_SUCCESS]  Host dashboard created from enhanced demo data
09:06:47 [INFO] root: 09:06:47.007 [INFO] [HOST_DEMO_SUCCESS]  Host dashboard created from enhanced demo data
09:06:47 [INFO] root: 09:06:47.007 [INFO] [DEVICE_CONNECT]  Connecting to device (Demo mode: True)
09:06:47 [INFO] root: 09:06:47.007 [INFO] [DEVICE_CONNECT]  Connecting to device (Demo mode: True)
09:06:47 [INFO] root: 09:06:47.007 [INFO] [DEMO_CONNECT_START]  Initializing enhanced unified demo mode
09:06:47 [INFO] root: 09:06:47.007 [INFO] [DEMO_CONNECT_START]  Initializing enhanced unified demo mode
09:06:47 [INFO] root: 09:06:47.007 [INFO] [DEMO_CONNECT_DELAY]  Simulating connection delay: 0.1s
09:06:47 [INFO] root: 09:06:47.007 [INFO] [DEMO_CONNECT_DELAY]  Simulating connection delay: 0.1s
09:06:47 [INFO] root: 09:06:47.108 [INFO] [DEMO_SYSINFO_READY]  Sysinfo data available for demo mode
09:06:47 [INFO] root: 09:06:47.108 [INFO] [DEMO_SYSINFO_READY]  Sysinfo data available for demo mode
09:06:47 [INFO] root: 09:06:47.108 [INFO] [DEMO_PARSER_READY]  Enhanced parser ready for demo parsing
09:06:47 [INFO] root: 09:06:47.108 [INFO] [DEMO_PARSER_READY]  Enhanced parser ready for demo parsing
09:06:47 [INFO] root: 09:06:47.108 [INFO] [DEMO_CONNECT_SUCCESS]  Enhanced UnifiedDemoSerialCLI connected successfully
09:06:47 [INFO] root: 09:06:47.108 [INFO] [DEMO_CONNECT_SUCCESS]  Enhanced UnifiedDemoSerialCLI connected successfully
09:06:47 [INFO] root: 09:06:47.108 [INFO] [CLI_CONNECT_SUCCESS]  CLI connected successfully
09:06:47 [INFO] root: 09:06:47.108 [INFO] [CLI_CONNECT_SUCCESS]  CLI connected successfully
09:06:47 [INFO] root: 09:06:47.108 [INFO] [DEMO_ENHANCED_DATA]  Using enhanced demo data
09:06:47 [INFO] root: 09:06:47.108 [INFO] [DEMO_ENHANCED_DATA]  Using enhanced demo data
09:06:47 [INFO] root: 09:06:47.109 [INFO] [DEMO_BG_START]  Enhanced UnifiedDemoSerialCLI background thread started
09:06:47 [INFO] root: 09:06:47.109 [INFO] [DEMO_BG_START]  Enhanced UnifiedDemoSerialCLI background thread started
09:06:47 [INFO] root: 09:06:47.127 [INFO] [HOST_DASHBOARD_CREATE]  Creating host dashboard
09:06:47 [INFO] root: 09:06:47.127 [INFO] [HOST_DASHBOARD_CREATE]  Creating host dashboard
09:06:47 [INFO] root: 09:06:47.127 [INFO] [HOST_DEMO_DATA]  Using enhanced demo data for host dashboard
09:06:47 [INFO] root: 09:06:47.127 [INFO] [HOST_DEMO_DATA]  Using enhanced demo data for host dashboard
09:06:47 [INFO] root: 09:06:47.159 [INFO] [HOST_DEMO_SUCCESS]  Host dashboard created from enhanced demo data
09:06:47 [INFO] root: 09:06:47.159 [INFO] [HOST_DEMO_SUCCESS]  Host dashboard created from enhanced demo data
09:06:59 [INFO] root: 09:06:59.634 [INFO] [HOST_DASHBOARD_CREATE]  Creating host dashboard
09:06:59 [INFO] root: 09:06:59.634 [INFO] [HOST_DASHBOARD_CREATE]  Creating host dashboard
09:06:59 [INFO] root: 09:06:59.634 [INFO] [HOST_DEMO_DATA]  Using enhanced demo data for host dashboard
09:06:59 [INFO] root: 09:06:59.634 [INFO] [HOST_DEMO_DATA]  Using enhanced demo data for host dashboard
09:06:59 [INFO] root: 09:06:59.658 [INFO] [HOST_DEMO_SUCCESS]  Host dashboard created from enhanced demo data
09:06:59 [INFO] root: 09:06:59.658 [INFO] [HOST_DEMO_SUCCESS]  Host dashboard created from enhanced demo data
09:28:12 [INFO] root: 09:28:12.712 [INFO] [DEMO_DISCONNECT]  Disconnecting enhanced demo mode
09:28:12 [INFO] root: 09:28:12.712 [INFO] [DEMO_DISCONNECT]  Disconnecting enhanced demo mode
09:28:12 [INFO] root: 09:28:12.712 [INFO] [DEMO_DISCONNECT_SUCCESS]  Enhanced UnifiedDemoSerialCLI disconnected
09:28:12 [INFO] root: 09:28:12.712 [INFO] [DEMO_DISCONNECT_SUCCESS]  Enhanced UnifiedDemoSerialCLI disconnected
09:28:23 [INFO] root: 09:28:23.141 [INFO] [DASHBOARD_INIT]  Initializing DashboardApp for Demo mode
09:28:23 [INFO] root: 09:28:23.141 [INFO] [DASHBOARD_INIT]  Initializing DashboardApp for Demo mode
09:28:23 [INFO] root: 09:28:23.144 [INFO] [DEMO_CLI_CREATE]  Creating enhanced demo CLI for port: DEMO
09:28:23 [INFO] root: 09:28:23.144 [INFO] [DEMO_CLI_CREATE]  Creating enhanced demo CLI for port: DEMO
09:28:23 [INFO] root: 09:28:23.144 [INFO] [DEMO_PARSER_INIT]  Enhanced parser initialized with cache manager
09:28:23 [INFO] root: 09:28:23.144 [INFO] [DEMO_PARSER_INIT]  Enhanced parser initialized with cache manager
09:28:23 [INFO] root: 09:28:23.145 [INFO] [DEMO_FILE_SEARCH]  Searching for demo sysinfo file
09:28:23 [INFO] root: 09:28:23.145 [INFO] [DEMO_FILE_SEARCH]  Searching for demo sysinfo file
09:28:23 [INFO] root: 09:28:23.146 [INFO] [FILE_LOADED]  Loaded demo sysinfo from DemoData/sysinfo.txt (1459 chars)
09:28:23 [INFO] root: 09:28:23.146 [INFO] [FILE_LOADED]  Loaded demo sysinfo from DemoData/sysinfo.txt (1459 chars)
09:28:23 [INFO] root: 09:28:23.146 [INFO] [CONTENT_VERIFIED]  Sysinfo content verification passed
09:28:23 [INFO] root: 09:28:23.146 [INFO] [CONTENT_VERIFIED]  Sysinfo content verification passed
09:28:23 [INFO] root: 09:28:23.146 [INFO] [SHOWPORT_SEARCH]  Searching for demo showport.txt file
09:28:23 [INFO] root: 09:28:23.146 [INFO] [SHOWPORT_SEARCH]  Searching for demo showport.txt file
09:28:23 [INFO] root: 09:28:23.147 [INFO] [SHOWPORT_LOADED]  Loaded demo showport from DemoData/showport.txt (454 chars)
09:28:23 [INFO] root: 09:28:23.147 [INFO] [SHOWPORT_LOADED]  Loaded demo showport from DemoData/showport.txt (454 chars)
09:28:23 [INFO] root: 09:28:23.147 [INFO] [DEMO_PARSE_START]  Parsing initial demo content
09:28:23 [INFO] root: 09:28:23.147 [INFO] [DEMO_PARSE_START]  Parsing initial demo content
09:28:23 [INFO] root: 09:28:23.231 [INFO] [DEMO_PARSE_SUCCESS]  Initial demo content parsed successfully
09:28:23 [INFO] root: 09:28:23.231 [INFO] [DEMO_PARSE_SUCCESS]  Initial demo content parsed successfully
09:28:23 [ERROR] root: 09:28:23.232 [ERROR] [DEMO_PARSE_EXCEPTION]  Initial demo content parsing exception: 'DeviceDataCache' object has no attribute 'store'
09:28:23 [ERROR] root: 09:28:23.232 [ERROR] [DEMO_PARSE_EXCEPTION]  Initial demo content parsing exception: 'DeviceDataCache' object has no attribute 'store'
09:28:23 [INFO] root: 09:28:23.232 [INFO] [DEMO_CLI_INIT]  Enhanced UnifiedDemoSerialCLI initialized for DEMO
09:28:23 [INFO] root: 09:28:23.232 [INFO] [DEMO_CLI_INIT]  Enhanced UnifiedDemoSerialCLI initialized for DEMO
09:28:23 [INFO] root: 09:28:23.232 [INFO] [DEMO_SYSINFO_LOADED]  Demo sysinfo content loaded: 1459 chars
09:28:23 [INFO] root: 09:28:23.232 [INFO] [DEMO_SYSINFO_LOADED]  Demo sysinfo content loaded: 1459 chars
09:28:23 [INFO] root: 09:28:23.232 [INFO] [DEMO_SHOWPORT_LOADED]  Demo showport content loaded: 454 chars
09:28:23 [INFO] root: 09:28:23.232 [INFO] [DEMO_SHOWPORT_LOADED]  Demo showport content loaded: 454 chars
09:28:23 [INFO] root: 09:28:23.232 [INFO] [DEMO_PARSER_AVAILABLE]  Enhanced parser available for demo parsing
09:28:23 [INFO] root: 09:28:23.232 [INFO] [DEMO_PARSER_AVAILABLE]  Enhanced parser available for demo parsing
09:28:23 [INFO] root: 09:28:23.232 [INFO] [DEMO_CLI_CREATE_SUCCESS]  Enhanced demo CLI created successfully
09:28:23 [INFO] root: 09:28:23.232 [INFO] [DEMO_CLI_CREATE_SUCCESS]  Enhanced demo CLI created successfully
09:28:23 [INFO] root: 09:28:23.232 [INFO] [CLI_ENHANCED_DEMO]  Using Enhanced UnifiedDemoSerialCLI for demo mode
09:28:23 [INFO] root: 09:28:23.232 [INFO] [CLI_ENHANCED_DEMO]  Using Enhanced UnifiedDemoSerialCLI for demo mode
09:28:23 [INFO] root: 09:28:23.233 [INFO] [DEMO_BG_START]  Enhanced UnifiedDemoSerialCLI background thread started
09:28:23 [INFO] root: 09:28:23.233 [INFO] [DEMO_BG_THREAD]  Demo background thread started
09:28:23 [INFO] root: 09:28:23.233 [INFO] [DEMO_BG_START]  Enhanced UnifiedDemoSerialCLI background thread started
09:28:23 [INFO] root: 09:28:23.233 [INFO] [DEMO_BG_THREAD]  Demo background thread started
09:28:23 [INFO] root: 09:28:23.233 [INFO] [DEMO_BG_END]  Enhanced background thread ending
09:28:23 [INFO] root: 09:28:23.233 [INFO] [DEMO_BG_END]  Enhanced background thread ending
09:28:23 [INFO] root: 09:28:23.399 [INFO] [HOST_DASHBOARD_CREATE]  Creating host dashboard
09:28:23 [INFO] root: 09:28:23.399 [INFO] [HOST_DASHBOARD_CREATE]  Creating host dashboard
09:28:23 [INFO] root: 09:28:23.399 [INFO] [HOST_DEMO_DATA]  Using enhanced demo data for host dashboard
09:28:23 [INFO] root: 09:28:23.399 [INFO] [HOST_DEMO_DATA]  Using enhanced demo data for host dashboard
09:28:23 [INFO] root: 09:28:23.496 [INFO] [HOST_DEMO_SUCCESS]  Host dashboard created from enhanced demo data
09:28:23 [INFO] root: 09:28:23.496 [INFO] [HOST_DEMO_SUCCESS]  Host dashboard created from enhanced demo data
09:28:23 [INFO] root: 09:28:23.497 [INFO] [DEVICE_CONNECT]  Connecting to device (Demo mode: True)
09:28:23 [INFO] root: 09:28:23.497 [INFO] [DEVICE_CONNECT]  Connecting to device (Demo mode: True)
09:28:23 [INFO] root: 09:28:23.497 [INFO] [DEMO_CONNECT_START]  Initializing enhanced unified demo mode
09:28:23 [INFO] root: 09:28:23.497 [INFO] [DEMO_CONNECT_START]  Initializing enhanced unified demo mode
09:28:23 [INFO] root: 09:28:23.497 [INFO] [DEMO_CONNECT_DELAY]  Simulating connection delay: 0.1s
09:28:23 [INFO] root: 09:28:23.497 [INFO] [DEMO_CONNECT_DELAY]  Simulating connection delay: 0.1s
09:28:23 [INFO] root: 09:28:23.598 [INFO] [DEMO_SYSINFO_READY]  Sysinfo data available for demo mode
09:28:23 [INFO] root: 09:28:23.598 [INFO] [DEMO_SYSINFO_READY]  Sysinfo data available for demo mode
09:28:23 [INFO] root: 09:28:23.598 [INFO] [DEMO_PARSER_READY]  Enhanced parser ready for demo parsing
09:28:23 [INFO] root: 09:28:23.598 [INFO] [DEMO_PARSER_READY]  Enhanced parser ready for demo parsing
09:28:23 [INFO] root: 09:28:23.598 [INFO] [DEMO_CONNECT_SUCCESS]  Enhanced UnifiedDemoSerialCLI connected successfully
09:28:23 [INFO] root: 09:28:23.598 [INFO] [DEMO_CONNECT_SUCCESS]  Enhanced UnifiedDemoSerialCLI connected successfully
09:28:23 [INFO] root: 09:28:23.598 [INFO] [CLI_CONNECT_SUCCESS]  CLI connected successfully
09:28:23 [INFO] root: 09:28:23.598 [INFO] [CLI_CONNECT_SUCCESS]  CLI connected successfully
09:28:23 [INFO] root: 09:28:23.598 [INFO] [DEMO_ENHANCED_DATA]  Using enhanced demo data
09:28:23 [INFO] root: 09:28:23.598 [INFO] [DEMO_ENHANCED_DATA]  Using enhanced demo data
09:28:23 [INFO] root: 09:28:23.598 [INFO] [DEMO_BG_START]  Enhanced UnifiedDemoSerialCLI background thread started
09:28:23 [INFO] root: 09:28:23.598 [INFO] [DEMO_BG_START]  Enhanced UnifiedDemoSerialCLI background thread started
09:28:23 [INFO] root: 09:28:23.612 [INFO] [HOST_DASHBOARD_CREATE]  Creating host dashboard
09:28:23 [INFO] root: 09:28:23.612 [INFO] [HOST_DASHBOARD_CREATE]  Creating host dashboard
09:28:23 [INFO] root: 09:28:23.612 [INFO] [HOST_DEMO_DATA]  Using enhanced demo data for host dashboard
09:28:23 [INFO] root: 09:28:23.612 [INFO] [HOST_DEMO_DATA]  Using enhanced demo data for host dashboard
09:28:23 [INFO] root: 09:28:23.642 [INFO] [HOST_DEMO_SUCCESS]  Host dashboard created from enhanced demo data
09:28:23 [INFO] root: 09:28:23.642 [INFO] [HOST_DEMO_SUCCESS]  Host dashboard created from enhanced demo data
09:28:29 [INFO] root: 09:28:29.143 [INFO] [HOST_DASHBOARD_CREATE]  Creating host dashboard
09:28:29 [INFO] root: 09:28:29.143 [INFO] [HOST_DASHBOARD_CREATE]  Creating host dashboard
09:28:29 [INFO] root: 09:28:29.143 [INFO] [HOST_DEMO_DATA]  Using enhanced demo data for host dashboard
09:28:29 [INFO] root: 09:28:29.143 [INFO] [HOST_DEMO_DATA]  Using enhanced demo data for host dashboard
09:28:29 [INFO] root: 09:28:29.159 [INFO] [HOST_DEMO_SUCCESS]  Host dashboard created from enhanced demo data
09:28:29 [INFO] root: 09:28:29.159 [INFO] [HOST_DEMO_SUCCESS]  Host dashboard created from enhanced demo data
10:18:22 [INFO] root: 10:18:22.591 [INFO] [DEMO_DISCONNECT]  Disconnecting enhanced demo mode
10:18:22 [INFO] root: 10:18:22.591 [INFO] [DEMO_DISCONNECT]  Disconnecting enhanced demo mode
10:18:22 [INFO] root: 10:18:22.592 [INFO] [DEMO_DISCONNECT_SUCCESS]  Enhanced UnifiedDemoSerialCLI disconnected
10:18:22 [INFO] root: 10:18:22.592 [INFO] [DEMO_DISCONNECT_SUCCESS]  Enhanced UnifiedDemoSerialCLI disconnected
10:32:44 [INFO] root: 10:32:44.897 [INFO] [DASHBOARD_INIT]  Initializing DashboardApp for Demo mode
10:32:44 [INFO] root: 10:32:44.897 [INFO] [DASHBOARD_INIT]  Initializing DashboardApp for Demo mode
10:32:44 [INFO] root: 10:32:44.901 [INFO] [DEMO_CLI_CREATE]  Creating enhanced demo CLI for port: DEMO
10:32:44 [INFO] root: 10:32:44.901 [INFO] [DEMO_CLI_CREATE]  Creating enhanced demo CLI for port: DEMO
10:32:44 [INFO] root: 10:32:44.901 [INFO] [DEMO_PARSER_INIT]  Enhanced parser initialized with cache manager
10:32:44 [INFO] root: 10:32:44.901 [INFO] [DEMO_PARSER_INIT]  Enhanced parser initialized with cache manager
10:32:44 [INFO] root: 10:32:44.901 [INFO] [DEMO_FILE_SEARCH]  Searching for demo sysinfo file
10:32:44 [INFO] root: 10:32:44.901 [INFO] [DEMO_FILE_SEARCH]  Searching for demo sysinfo file
10:32:44 [INFO] root: 10:32:44.902 [INFO] [FILE_LOADED]  Loaded demo sysinfo from DemoData/sysinfo.txt (1459 chars)
10:32:44 [INFO] root: 10:32:44.902 [INFO] [FILE_LOADED]  Loaded demo sysinfo from DemoData/sysinfo.txt (1459 chars)
10:32:44 [INFO] root: 10:32:44.902 [INFO] [CONTENT_VERIFIED]  Sysinfo content verification passed
10:32:44 [INFO] root: 10:32:44.902 [INFO] [CONTENT_VERIFIED]  Sysinfo content verification passed
10:32:44 [INFO] root: 10:32:44.903 [INFO] [SHOWPORT_SEARCH]  Searching for demo showport.txt file
10:32:44 [INFO] root: 10:32:44.903 [INFO] [SHOWPORT_SEARCH]  Searching for demo showport.txt file
10:32:44 [INFO] root: 10:32:44.904 [INFO] [SHOWPORT_LOADED]  Loaded demo showport from DemoData/showport.txt (454 chars)
10:32:44 [INFO] root: 10:32:44.904 [INFO] [SHOWPORT_LOADED]  Loaded demo showport from DemoData/showport.txt (454 chars)
10:32:44 [INFO] root: 10:32:44.904 [INFO] [DEMO_PARSE_START]  Parsing initial demo content
10:32:44 [INFO] root: 10:32:44.904 [INFO] [DEMO_PARSE_START]  Parsing initial demo content
10:32:44 [INFO] root: 10:32:44.989 [INFO] [DEMO_PARSE_SUCCESS]  Initial demo content parsed successfully
10:32:44 [INFO] root: 10:32:44.989 [INFO] [DEMO_PARSE_SUCCESS]  Initial demo content parsed successfully
10:32:44 [ERROR] root: 10:32:44.990 [ERROR] [DEMO_PARSE_EXCEPTION]  Initial demo content parsing exception: 'DeviceDataCache' object has no attribute 'store'
10:32:44 [ERROR] root: 10:32:44.990 [ERROR] [DEMO_PARSE_EXCEPTION]  Initial demo content parsing exception: 'DeviceDataCache' object has no attribute 'store'
10:32:44 [INFO] root: 10:32:44.990 [INFO] [DEMO_CLI_INIT]  Enhanced UnifiedDemoSerialCLI initialized for DEMO
10:32:44 [INFO] root: 10:32:44.990 [INFO] [DEMO_CLI_INIT]  Enhanced UnifiedDemoSerialCLI initialized for DEMO
10:32:44 [INFO] root: 10:32:44.990 [INFO] [DEMO_SYSINFO_LOADED]  Demo sysinfo content loaded: 1459 chars
10:32:44 [INFO] root: 10:32:44.990 [INFO] [DEMO_SYSINFO_LOADED]  Demo sysinfo content loaded: 1459 chars
10:32:44 [INFO] root: 10:32:44.991 [INFO] [DEMO_SHOWPORT_LOADED]  Demo showport content loaded: 454 chars
10:32:44 [INFO] root: 10:32:44.991 [INFO] [DEMO_SHOWPORT_LOADED]  Demo showport content loaded: 454 chars
10:32:44 [INFO] root: 10:32:44.991 [INFO] [DEMO_PARSER_AVAILABLE]  Enhanced parser available for demo parsing
10:32:44 [INFO] root: 10:32:44.991 [INFO] [DEMO_PARSER_AVAILABLE]  Enhanced parser available for demo parsing
10:32:44 [INFO] root: 10:32:44.991 [INFO] [DEMO_CLI_CREATE_SUCCESS]  Enhanced demo CLI created successfully
10:32:44 [INFO] root: 10:32:44.991 [INFO] [DEMO_CLI_CREATE_SUCCESS]  Enhanced demo CLI created successfully
10:32:44 [INFO] root: 10:32:44.991 [INFO] [CLI_ENHANCED_DEMO]  Using Enhanced UnifiedDemoSerialCLI for demo mode
10:32:44 [INFO] root: 10:32:44.991 [INFO] [CLI_ENHANCED_DEMO]  Using Enhanced UnifiedDemoSerialCLI for demo mode
10:32:44 [INFO] root: 10:32:44.992 [INFO] [DEMO_BG_START]  Enhanced UnifiedDemoSerialCLI background thread started
10:32:44 [INFO] root: 10:32:44.992 [INFO] [DEMO_BG_START]  Enhanced UnifiedDemoSerialCLI background thread started
10:32:44 [INFO] root: 10:32:44.992 [INFO] [DEMO_BG_THREAD]  Demo background thread started
10:32:44 [INFO] root: 10:32:44.992 [INFO] [DEMO_BG_END]  Enhanced background thread ending
10:32:44 [INFO] root: 10:32:44.992 [INFO] [DEMO_BG_THREAD]  Demo background thread started
10:32:44 [INFO] root: 10:32:44.992 [INFO] [DEMO_BG_END]  Enhanced background thread ending
10:32:45 [INFO] root: 10:32:45.151 [INFO] [HOST_DASHBOARD_CREATE]  Creating host dashboard
10:32:45 [INFO] root: 10:32:45.151 [INFO] [HOST_DASHBOARD_CREATE]  Creating host dashboard
10:32:45 [INFO] root: 10:32:45.151 [INFO] [HOST_DEMO_DATA]  Using enhanced demo data for host dashboard
10:32:45 [INFO] root: 10:32:45.151 [INFO] [HOST_DEMO_DATA]  Using enhanced demo data for host dashboard
10:32:45 [INFO] root: 10:32:45.256 [INFO] [HOST_DEMO_SUCCESS]  Host dashboard created from enhanced demo data
10:32:45 [INFO] root: 10:32:45.256 [INFO] [HOST_DEMO_SUCCESS]  Host dashboard created from enhanced demo data
10:32:45 [INFO] root: 10:32:45.257 [INFO] [DEVICE_CONNECT]  Connecting to device (Demo mode: True)
10:32:45 [INFO] root: 10:32:45.257 [INFO] [DEVICE_CONNECT]  Connecting to device (Demo mode: True)
10:32:45 [INFO] root: 10:32:45.257 [INFO] [DEMO_CONNECT_START]  Initializing enhanced unified demo mode
10:32:45 [INFO] root: 10:32:45.257 [INFO] [DEMO_CONNECT_START]  Initializing enhanced unified demo mode
10:32:45 [INFO] root: 10:32:45.257 [INFO] [DEMO_CONNECT_DELAY]  Simulating connection delay: 0.1s
10:32:45 [INFO] root: 10:32:45.257 [INFO] [DEMO_CONNECT_DELAY]  Simulating connection delay: 0.1s
10:32:45 [INFO] root: 10:32:45.358 [INFO] [DEMO_SYSINFO_READY]  Sysinfo data available for demo mode
10:32:45 [INFO] root: 10:32:45.358 [INFO] [DEMO_SYSINFO_READY]  Sysinfo data available for demo mode
10:32:45 [INFO] root: 10:32:45.358 [INFO] [DEMO_PARSER_READY]  Enhanced parser ready for demo parsing
10:32:45 [INFO] root: 10:32:45.358 [INFO] [DEMO_PARSER_READY]  Enhanced parser ready for demo parsing
10:32:45 [INFO] root: 10:32:45.358 [INFO] [DEMO_CONNECT_SUCCESS]  Enhanced UnifiedDemoSerialCLI connected successfully
10:32:45 [INFO] root: 10:32:45.358 [INFO] [DEMO_CONNECT_SUCCESS]  Enhanced UnifiedDemoSerialCLI connected successfully
10:32:45 [INFO] root: 10:32:45.358 [INFO] [CLI_CONNECT_SUCCESS]  CLI connected successfully
10:32:45 [INFO] root: 10:32:45.358 [INFO] [CLI_CONNECT_SUCCESS]  CLI connected successfully
10:32:45 [INFO] root: 10:32:45.358 [INFO] [DEMO_ENHANCED_DATA]  Using enhanced demo data
10:32:45 [INFO] root: 10:32:45.358 [INFO] [DEMO_ENHANCED_DATA]  Using enhanced demo data
10:32:45 [INFO] root: 10:32:45.359 [INFO] [DEMO_BG_START]  Enhanced UnifiedDemoSerialCLI background thread started
10:32:45 [INFO] root: 10:32:45.359 [INFO] [DEMO_BG_START]  Enhanced UnifiedDemoSerialCLI background thread started
10:32:45 [INFO] root: 10:32:45.371 [INFO] [HOST_DASHBOARD_CREATE]  Creating host dashboard
10:32:45 [INFO] root: 10:32:45.371 [INFO] [HOST_DASHBOARD_CREATE]  Creating host dashboard
10:32:45 [INFO] root: 10:32:45.372 [INFO] [HOST_DEMO_DATA]  Using enhanced demo data for host dashboard
10:32:45 [INFO] root: 10:32:45.372 [INFO] [HOST_DEMO_DATA]  Using enhanced demo data for host dashboard
10:32:45 [INFO] root: 10:32:45.396 [INFO] [HOST_DEMO_SUCCESS]  Host dashboard created from enhanced demo data
10:32:45 [INFO] root: 10:32:45.396 [INFO] [HOST_DEMO_SUCCESS]  Host dashboard created from enhanced demo data
10:32:46 [INFO] root: 10:32:46.956 [INFO] [LINK_DASHBOARD_CREATE]  Creating link status dashboard (unified method)
10:32:46 [INFO] root: 10:32:46.956 [INFO] [LINK_DASHBOARD_CREATE]  Creating link status dashboard (unified method)
10:32:46 [INFO] root: 10:32:46.956 [INFO] [DEMO_LINK_MODE]  Demo mode - processing link status data
10:32:46 [INFO] root: 10:32:46.956 [INFO] [DEMO_LINK_MODE]  Demo mode - processing link status data
10:32:46 [INFO] root: 10:32:46.956 [INFO] [DEMO_STEP1]  Step 1: Checking for cached sysinfo showport data
10:32:46 [INFO] root: 10:32:46.956 [INFO] [DEMO_STEP1]  Step 1: Checking for cached sysinfo showport data
10:32:46 [INFO] root: 10:32:46.956 [INFO] [DEMO_CACHED_SUCCESS]  Found fresh cached link status JSON
10:32:46 [INFO] root: 10:32:46.956 [INFO] [DEMO_CACHED_SUCCESS]  Found fresh cached link status JSON
10:32:46 [INFO] root: 10:32:46.957 [INFO] [JSON_DASHBOARD]  Creating link dashboard from JSON data
10:32:46 [INFO] root: 10:32:46.957 [INFO] [JSON_DASHBOARD]  Creating link dashboard from JSON data
10:32:46 [INFO] root: 10:32:46.965 [INFO] [JSON_PORTS]  Creating 4 port displays from JSON
10:32:46 [INFO] root: 10:32:46.965 [INFO] [JSON_PORTS]  Creating 4 port displays from JSON
10:32:46 [INFO] root: 10:32:46.965 [INFO] [JSON_PORT]  Creating simple port row from JSON: Port 80
10:32:46 [INFO] root: 10:32:46.965 [INFO] [JSON_PORT]  Creating simple port row from JSON: Port 80
10:32:46 [INFO] root: 10:32:46.968 [INFO] [JSON_PORT]  Creating simple port row from JSON: Port 112
10:32:46 [INFO] root: 10:32:46.968 [INFO] [JSON_PORT]  Creating simple port row from JSON: Port 112
10:32:46 [INFO] root: 10:32:46.969 [INFO] [JSON_PORT]  Creating simple port row from JSON: Port 128
10:32:46 [INFO] root: 10:32:46.969 [INFO] [JSON_PORT]  Creating simple port row from JSON: Port 128
10:32:46 [INFO] root: 10:32:46.970 [INFO] [JSON_PORT]  Creating simple port row from JSON: Golden Finger
10:32:46 [INFO] root: 10:32:46.970 [INFO] [JSON_PORT]  Creating simple port row from JSON: Golden Finger
10:32:46 [INFO] root: 10:32:46.972 [INFO] [JSON_SUCCESS]  Link dashboard created from JSON successfully
10:32:46 [INFO] root: 10:32:46.972 [INFO] [JSON_SUCCESS]  Link dashboard created from JSON successfully
10:36:45 [INFO] root: 10:36:45.645 [INFO] [DEMO_DISCONNECT]  Disconnecting enhanced demo mode
10:36:45 [INFO] root: 10:36:45.645 [INFO] [DEMO_DISCONNECT]  Disconnecting enhanced demo mode
10:36:45 [INFO] root: 10:36:45.645 [INFO] [DEMO_DISCONNECT_SUCCESS]  Enhanced UnifiedDemoSerialCLI disconnected
10:36:45 [INFO] root: 10:36:45.645 [INFO] [DEMO_DISCONNECT_SUCCESS]  Enhanced UnifiedDemoSerialCLI disconnected
10:38:51 [INFO] root: 10:38:51.238 [INFO] [DASHBOARD_INIT]  Initializing DashboardApp for Demo mode
10:38:51 [INFO] root: 10:38:51.238 [INFO] [DASHBOARD_INIT]  Initializing DashboardApp for Demo mode
10:38:51 [INFO] root: 10:38:51.240 [INFO] [DEMO_CLI_CREATE]  Creating enhanced demo CLI for port: DEMO
10:38:51 [INFO] root: 10:38:51.240 [INFO] [DEMO_CLI_CREATE]  Creating enhanced demo CLI for port: DEMO
10:38:51 [INFO] root: 10:38:51.241 [INFO] [DEMO_PARSER_INIT]  Enhanced parser initialized with cache manager
10:38:51 [INFO] root: 10:38:51.241 [INFO] [DEMO_PARSER_INIT]  Enhanced parser initialized with cache manager
10:38:51 [INFO] root: 10:38:51.241 [INFO] [DEMO_FILE_SEARCH]  Searching for demo sysinfo file
10:38:51 [INFO] root: 10:38:51.241 [INFO] [DEMO_FILE_SEARCH]  Searching for demo sysinfo file
10:38:51 [INFO] root: 10:38:51.242 [INFO] [FILE_LOADED]  Loaded demo sysinfo from DemoData/sysinfo.txt (1459 chars)
10:38:51 [INFO] root: 10:38:51.242 [INFO] [FILE_LOADED]  Loaded demo sysinfo from DemoData/sysinfo.txt (1459 chars)
10:38:51 [INFO] root: 10:38:51.242 [INFO] [CONTENT_VERIFIED]  Sysinfo content verification passed
10:38:51 [INFO] root: 10:38:51.242 [INFO] [CONTENT_VERIFIED]  Sysinfo content verification passed
10:38:51 [INFO] root: 10:38:51.242 [INFO] [SHOWPORT_SEARCH]  Searching for demo showport.txt file
10:38:51 [INFO] root: 10:38:51.242 [INFO] [SHOWPORT_SEARCH]  Searching for demo showport.txt file
10:38:51 [INFO] root: 10:38:51.243 [INFO] [SHOWPORT_LOADED]  Loaded demo showport from DemoData/showport.txt (454 chars)
10:38:51 [INFO] root: 10:38:51.243 [INFO] [SHOWPORT_LOADED]  Loaded demo showport from DemoData/showport.txt (454 chars)
10:38:51 [INFO] root: 10:38:51.243 [INFO] [DEMO_PARSE_START]  Parsing initial demo content
10:38:51 [INFO] root: 10:38:51.243 [INFO] [DEMO_PARSE_START]  Parsing initial demo content
10:38:51 [INFO] root: 10:38:51.329 [INFO] [DEMO_PARSE_SUCCESS]  Initial demo content parsed successfully
10:38:51 [INFO] root: 10:38:51.329 [INFO] [DEMO_PARSE_SUCCESS]  Initial demo content parsed successfully
10:38:51 [ERROR] root: 10:38:51.330 [ERROR] [DEMO_PARSE_EXCEPTION]  Initial demo content parsing exception: 'DeviceDataCache' object has no attribute 'store'
10:38:51 [ERROR] root: 10:38:51.330 [ERROR] [DEMO_PARSE_EXCEPTION]  Initial demo content parsing exception: 'DeviceDataCache' object has no attribute 'store'
10:38:51 [INFO] root: 10:38:51.330 [INFO] [DEMO_CLI_INIT]  Enhanced UnifiedDemoSerialCLI initialized for DEMO
10:38:51 [INFO] root: 10:38:51.330 [INFO] [DEMO_CLI_INIT]  Enhanced UnifiedDemoSerialCLI initialized for DEMO
10:38:51 [INFO] root: 10:38:51.330 [INFO] [DEMO_SYSINFO_LOADED]  Demo sysinfo content loaded: 1459 chars
10:38:51 [INFO] root: 10:38:51.330 [INFO] [DEMO_SYSINFO_LOADED]  Demo sysinfo content loaded: 1459 chars
10:38:51 [INFO] root: 10:38:51.330 [INFO] [DEMO_SHOWPORT_LOADED]  Demo showport content loaded: 454 chars
10:38:51 [INFO] root: 10:38:51.330 [INFO] [DEMO_SHOWPORT_LOADED]  Demo showport content loaded: 454 chars
10:38:51 [INFO] root: 10:38:51.330 [INFO] [DEMO_PARSER_AVAILABLE]  Enhanced parser available for demo parsing
10:38:51 [INFO] root: 10:38:51.330 [INFO] [DEMO_PARSER_AVAILABLE]  Enhanced parser available for demo parsing
10:38:51 [INFO] root: 10:38:51.330 [INFO] [DEMO_CLI_CREATE_SUCCESS]  Enhanced demo CLI created successfully
10:38:51 [INFO] root: 10:38:51.330 [INFO] [DEMO_CLI_CREATE_SUCCESS]  Enhanced demo CLI created successfully
10:38:51 [INFO] root: 10:38:51.330 [INFO] [CLI_ENHANCED_DEMO]  Using Enhanced UnifiedDemoSerialCLI for demo mode
10:38:51 [INFO] root: 10:38:51.330 [INFO] [CLI_ENHANCED_DEMO]  Using Enhanced UnifiedDemoSerialCLI for demo mode
10:38:51 [INFO] root: 10:38:51.331 [INFO] [DEMO_BG_START]  Enhanced UnifiedDemoSerialCLI background thread started
10:38:51 [INFO] root: 10:38:51.331 [INFO] [DEMO_BG_THREAD]  Demo background thread started
10:38:51 [INFO] root: 10:38:51.331 [INFO] [DEMO_BG_START]  Enhanced UnifiedDemoSerialCLI background thread started
10:38:51 [INFO] root: 10:38:51.331 [INFO] [DEMO_BG_THREAD]  Demo background thread started
10:38:51 [INFO] root: 10:38:51.331 [INFO] [DEMO_BG_END]  Enhanced background thread ending
10:38:51 [INFO] root: 10:38:51.331 [INFO] [DEMO_BG_END]  Enhanced background thread ending
10:38:51 [INFO] root: 10:38:51.494 [INFO] [HOST_DASHBOARD_CREATE]  Creating host dashboard
10:38:51 [INFO] root: 10:38:51.494 [INFO] [HOST_DASHBOARD_CREATE]  Creating host dashboard
10:38:51 [INFO] root: 10:38:51.494 [INFO] [HOST_DEMO_DATA]  Using enhanced demo data for host dashboard
10:38:51 [INFO] root: 10:38:51.494 [INFO] [HOST_DEMO_DATA]  Using enhanced demo data for host dashboard
10:38:51 [INFO] root: 10:38:51.599 [INFO] [HOST_DEMO_SUCCESS]  Host dashboard created from enhanced demo data
10:38:51 [INFO] root: 10:38:51.599 [INFO] [HOST_DEMO_SUCCESS]  Host dashboard created from enhanced demo data
10:38:51 [INFO] root: 10:38:51.599 [INFO] [DEVICE_CONNECT]  Connecting to device (Demo mode: True)
10:38:51 [INFO] root: 10:38:51.599 [INFO] [DEVICE_CONNECT]  Connecting to device (Demo mode: True)
10:38:51 [INFO] root: 10:38:51.600 [INFO] [DEMO_CONNECT_START]  Initializing enhanced unified demo mode
10:38:51 [INFO] root: 10:38:51.600 [INFO] [DEMO_CONNECT_START]  Initializing enhanced unified demo mode
10:38:51 [INFO] root: 10:38:51.600 [INFO] [DEMO_CONNECT_DELAY]  Simulating connection delay: 0.1s
10:38:51 [INFO] root: 10:38:51.600 [INFO] [DEMO_CONNECT_DELAY]  Simulating connection delay: 0.1s
10:38:51 [INFO] root: 10:38:51.700 [INFO] [DEMO_SYSINFO_READY]  Sysinfo data available for demo mode
10:38:51 [INFO] root: 10:38:51.700 [INFO] [DEMO_SYSINFO_READY]  Sysinfo data available for demo mode
10:38:51 [INFO] root: 10:38:51.700 [INFO] [DEMO_PARSER_READY]  Enhanced parser ready for demo parsing
10:38:51 [INFO] root: 10:38:51.700 [INFO] [DEMO_PARSER_READY]  Enhanced parser ready for demo parsing
10:38:51 [INFO] root: 10:38:51.700 [INFO] [DEMO_CONNECT_SUCCESS]  Enhanced UnifiedDemoSerialCLI connected successfully
10:38:51 [INFO] root: 10:38:51.700 [INFO] [DEMO_CONNECT_SUCCESS]  Enhanced UnifiedDemoSerialCLI connected successfully
10:38:51 [INFO] root: 10:38:51.701 [INFO] [CLI_CONNECT_SUCCESS]  CLI connected successfully
10:38:51 [INFO] root: 10:38:51.701 [INFO] [CLI_CONNECT_SUCCESS]  CLI connected successfully
10:38:51 [INFO] root: 10:38:51.701 [INFO] [DEMO_ENHANCED_DATA]  Using enhanced demo data
10:38:51 [INFO] root: 10:38:51.701 [INFO] [DEMO_ENHANCED_DATA]  Using enhanced demo data
10:38:51 [INFO] root: 10:38:51.701 [INFO] [DEMO_BG_START]  Enhanced UnifiedDemoSerialCLI background thread started
10:38:51 [INFO] root: 10:38:51.701 [INFO] [DEMO_BG_START]  Enhanced UnifiedDemoSerialCLI background thread started
10:38:51 [INFO] root: 10:38:51.715 [INFO] [HOST_DASHBOARD_CREATE]  Creating host dashboard
10:38:51 [INFO] root: 10:38:51.715 [INFO] [HOST_DASHBOARD_CREATE]  Creating host dashboard
10:38:51 [INFO] root: 10:38:51.715 [INFO] [HOST_DEMO_DATA]  Using enhanced demo data for host dashboard
10:38:51 [INFO] root: 10:38:51.715 [INFO] [HOST_DEMO_DATA]  Using enhanced demo data for host dashboard
10:38:51 [INFO] root: 10:38:51.745 [INFO] [HOST_DEMO_SUCCESS]  Host dashboard created from enhanced demo data
10:38:51 [INFO] root: 10:38:51.745 [INFO] [HOST_DEMO_SUCCESS]  Host dashboard created from enhanced demo data
10:38:53 [INFO] root: 10:38:53.138 [INFO] [LINK_DASHBOARD_ENHANCED]  Creating enhanced link status dashboard
10:38:53 [INFO] root: 10:38:53.138 [INFO] [LINK_DASHBOARD_ENHANCED]  Creating enhanced link status dashboard
10:38:53 [INFO] root: 10:38:53.138 [INFO] [DEMO_ENHANCED_MODE]  Demo mode - processing link status with full data
10:38:53 [INFO] root: 10:38:53.138 [INFO] [DEMO_ENHANCED_MODE]  Demo mode - processing link status with full data
10:38:53 [INFO] root: 10:38:53.138 [INFO] [DEMO_PARSE_SHOWPORT]  Extracting and parsing showport from demo sysinfo
10:38:53 [INFO] root: 10:38:53.138 [INFO] [DEMO_PARSE_SHOWPORT]  Extracting and parsing showport from demo sysinfo
10:38:53 [INFO] root: 10:38:53.138 [INFO] [EXTRACT_SHOWPORT]  Extracting showport section from sysinfo
10:38:53 [INFO] root: 10:38:53.138 [INFO] [EXTRACT_SHOWPORT]  Extracting showport section from sysinfo
10:38:53 [INFO] root: 10:38:53.138 [INFO] [PATTERN_TRY]  Trying pattern 1 for showport extraction
10:38:53 [INFO] root: 10:38:53.138 [INFO] [PATTERN_TRY]  Trying pattern 1 for showport extraction
10:38:53 [INFO] root: 10:38:53.139 [INFO] [PATTERN_SUCCESS]  Pattern 1 matched, extracted 393 chars
10:38:53 [INFO] root: 10:38:53.139 [INFO] [PATTERN_SUCCESS]  Pattern 1 matched, extracted 393 chars
10:38:53 [INFO] root: 10:38:53.139 [INFO] [CONTENT_VERIFIED]  Showport content verification passed
10:38:53 [INFO] root: 10:38:53.139 [INFO] [CONTENT_VERIFIED]  Showport content verification passed
10:38:53 [INFO] root: 10:38:53.139 [INFO] [SHOWPORT_FOUND]  Found showport in sysinfo (393 chars)
10:38:53 [INFO] root: 10:38:53.139 [INFO] [SHOWPORT_FOUND]  Found showport in sysinfo (393 chars)
10:38:53 [INFO] root: 10:38:53.139 [INFO] [FULL_DASHBOARD]  Creating full link dashboard from showport content
10:38:53 [INFO] root: 10:38:53.139 [INFO] [FULL_DASHBOARD]  Creating full link dashboard from showport content
10:38:53 [INFO] root: 10:38:53.140 [INFO] [PARSE_SUCCESS]  Parsed 3 ports with full data
10:38:53 [INFO] root: 10:38:53.140 [INFO] [PARSE_SUCCESS]  Parsed 3 ports with full data
10:38:53 [INFO] root: 10:38:53.149 [INFO] [PORT_DETAILS]  Creating port: 80 - Speed: 06 (Gen6), Width: 04 (x04)
10:38:53 [INFO] root: 10:38:53.149 [INFO] [PORT_DETAILS]  Creating port: 80 - Speed: 06 (Gen6), Width: 04 (x04)
10:38:53 [INFO] root: 10:38:53.150 [INFO] [DETAILED_ROW]  Creating detailed row for Port 80: Gen6 x04 (Color: #00ff00)
10:38:53 [INFO] root: 10:38:53.150 [INFO] [DETAILED_ROW]  Creating detailed row for Port 80: Gen6 x04 (Color: #00ff00)
10:38:53 [INFO] root: 10:38:53.161 [INFO] [PORT_DETAILS]  Creating port: 112 - Speed: 01 (No Link), Width: 00 ()
10:38:53 [INFO] root: 10:38:53.161 [INFO] [PORT_DETAILS]  Creating port: 112 - Speed: 01 (No Link), Width: 00 ()
10:38:53 [INFO] root: 10:38:53.161 [INFO] [DETAILED_ROW]  Creating detailed row for Port 112: No Link  (Color: #ff4444)
10:38:53 [INFO] root: 10:38:53.161 [INFO] [DETAILED_ROW]  Creating detailed row for Port 112: No Link  (Color: #ff4444)
10:38:53 [INFO] root: 10:38:53.166 [INFO] [PORT_DETAILS]  Creating port: 128 - Speed: 01 (No Link), Width: 00 ()
10:38:53 [INFO] root: 10:38:53.166 [INFO] [PORT_DETAILS]  Creating port: 128 - Speed: 01 (No Link), Width: 00 ()
10:38:53 [INFO] root: 10:38:53.166 [INFO] [DETAILED_ROW]  Creating detailed row for Port 128: No Link  (Color: #ff4444)
10:38:53 [INFO] root: 10:38:53.166 [INFO] [DETAILED_ROW]  Creating detailed row for Port 128: No Link  (Color: #ff4444)
10:38:53 [INFO] root: 10:38:53.168 [INFO] [GOLDEN_FINGER_DETAILS]  Creating golden finger: Speed: 05 (Gen5), Width: 16 (x16)
10:38:53 [INFO] root: 10:38:53.168 [INFO] [GOLDEN_FINGER_DETAILS]  Creating golden finger: Speed: 05 (Gen5), Width: 16 (x16)
10:38:53 [INFO] root: 10:38:53.169 [INFO] [DETAILED_ROW]  Creating detailed row for Golden Finger: Gen5 x16 (Color: #ff9500)
10:38:53 [INFO] root: 10:38:53.169 [INFO] [DETAILED_ROW]  Creating detailed row for Golden Finger: Gen5 x16 (Color: #ff9500)
10:38:53 [INFO] root: 10:38:53.174 [INFO] [FULL_DASHBOARD_SUCCESS]  Full link dashboard created successfully
10:38:53 [INFO] root: 10:38:53.174 [INFO] [FULL_DASHBOARD_SUCCESS]  Full link dashboard created successfully
10:49:20 [INFO] root: 10:49:20.727 [INFO] [DEMO_DISCONNECT]  Disconnecting enhanced demo mode
10:49:20 [INFO] root: 10:49:20.727 [INFO] [DEMO_DISCONNECT]  Disconnecting enhanced demo mode
10:49:20 [INFO] root: 10:49:20.727 [INFO] [DEMO_DISCONNECT_SUCCESS]  Enhanced UnifiedDemoSerialCLI disconnected
10:49:20 [INFO] root: 10:49:20.727 [INFO] [DEMO_DISCONNECT_SUCCESS]  Enhanced UnifiedDemoSerialCLI disconnected
10:49:20 [INFO] root: 10:49:20.789 [INFO] [DEMO_BG_END]  Enhanced background thread ending
10:49:20 [INFO] root: 10:49:20.789 [INFO] [DEMO_BG_END]  Enhanced background thread ending
10:49:59 [INFO] root: 10:49:59.898 [INFO] [DASHBOARD_INIT]  Initializing DashboardApp for Demo mode
10:49:59 [INFO] root: 10:49:59.898 [INFO] [DASHBOARD_INIT]  Initializing DashboardApp for Demo mode
10:49:59 [INFO] root: 10:49:59.901 [INFO] [DEMO_CLI_CREATE]  Creating enhanced demo CLI for port: DEMO
10:49:59 [INFO] root: 10:49:59.901 [INFO] [DEMO_CLI_CREATE]  Creating enhanced demo CLI for port: DEMO
10:49:59 [INFO] root: 10:49:59.902 [INFO] [DEMO_PARSER_INIT]  Enhanced parser initialized with cache manager
10:49:59 [INFO] root: 10:49:59.902 [INFO] [DEMO_PARSER_INIT]  Enhanced parser initialized with cache manager
10:49:59 [INFO] root: 10:49:59.902 [INFO] [DEMO_FILE_SEARCH]  Searching for demo sysinfo file
10:49:59 [INFO] root: 10:49:59.902 [INFO] [DEMO_FILE_SEARCH]  Searching for demo sysinfo file
10:49:59 [INFO] root: 10:49:59.904 [INFO] [FILE_LOADED]  Loaded demo sysinfo from DemoData/sysinfo.txt (1459 chars)
10:49:59 [INFO] root: 10:49:59.904 [INFO] [FILE_LOADED]  Loaded demo sysinfo from DemoData/sysinfo.txt (1459 chars)
10:49:59 [INFO] root: 10:49:59.904 [INFO] [CONTENT_VERIFIED]  Sysinfo content verification passed
10:49:59 [INFO] root: 10:49:59.904 [INFO] [CONTENT_VERIFIED]  Sysinfo content verification passed
10:49:59 [INFO] root: 10:49:59.904 [INFO] [SHOWPORT_SEARCH]  Searching for demo showport.txt file
10:49:59 [INFO] root: 10:49:59.904 [INFO] [SHOWPORT_SEARCH]  Searching for demo showport.txt file
10:49:59 [INFO] root: 10:49:59.905 [INFO] [SHOWPORT_LOADED]  Loaded demo showport from DemoData/showport.txt (454 chars)
10:49:59 [INFO] root: 10:49:59.905 [INFO] [SHOWPORT_LOADED]  Loaded demo showport from DemoData/showport.txt (454 chars)
10:49:59 [INFO] root: 10:49:59.905 [INFO] [DEMO_PARSE_START]  Parsing initial demo content
10:49:59 [INFO] root: 10:49:59.905 [INFO] [DEMO_PARSE_START]  Parsing initial demo content
10:49:59 [INFO] root: 10:49:59.986 [INFO] [DEMO_PARSE_SUCCESS]  Initial demo content parsed successfully
10:49:59 [INFO] root: 10:49:59.986 [INFO] [DEMO_PARSE_SUCCESS]  Initial demo content parsed successfully
10:49:59 [ERROR] root: 10:49:59.986 [ERROR] [DEMO_PARSE_EXCEPTION]  Initial demo content parsing exception: 'DeviceDataCache' object has no attribute 'store'
10:49:59 [ERROR] root: 10:49:59.986 [ERROR] [DEMO_PARSE_EXCEPTION]  Initial demo content parsing exception: 'DeviceDataCache' object has no attribute 'store'
10:49:59 [INFO] root: 10:49:59.987 [INFO] [DEMO_CLI_INIT]  Enhanced UnifiedDemoSerialCLI initialized for DEMO
10:49:59 [INFO] root: 10:49:59.987 [INFO] [DEMO_CLI_INIT]  Enhanced UnifiedDemoSerialCLI initialized for DEMO
10:49:59 [INFO] root: 10:49:59.987 [INFO] [DEMO_SYSINFO_LOADED]  Demo sysinfo content loaded: 1459 chars
10:49:59 [INFO] root: 10:49:59.987 [INFO] [DEMO_SYSINFO_LOADED]  Demo sysinfo content loaded: 1459 chars
10:49:59 [INFO] root: 10:49:59.987 [INFO] [DEMO_SHOWPORT_LOADED]  Demo showport content loaded: 454 chars
10:49:59 [INFO] root: 10:49:59.987 [INFO] [DEMO_SHOWPORT_LOADED]  Demo showport content loaded: 454 chars
10:49:59 [INFO] root: 10:49:59.987 [INFO] [DEMO_PARSER_AVAILABLE]  Enhanced parser available for demo parsing
10:49:59 [INFO] root: 10:49:59.987 [INFO] [DEMO_PARSER_AVAILABLE]  Enhanced parser available for demo parsing
10:49:59 [INFO] root: 10:49:59.987 [INFO] [DEMO_CLI_CREATE_SUCCESS]  Enhanced demo CLI created successfully
10:49:59 [INFO] root: 10:49:59.987 [INFO] [DEMO_CLI_CREATE_SUCCESS]  Enhanced demo CLI created successfully
10:49:59 [INFO] root: 10:49:59.987 [INFO] [CLI_ENHANCED_DEMO]  Using Enhanced UnifiedDemoSerialCLI for demo mode
10:49:59 [INFO] root: 10:49:59.987 [INFO] [CLI_ENHANCED_DEMO]  Using Enhanced UnifiedDemoSerialCLI for demo mode
10:49:59 [INFO] root: 10:49:59.988 [INFO] [DEMO_BG_START]  Enhanced UnifiedDemoSerialCLI background thread started
10:49:59 [INFO] root: 10:49:59.988 [INFO] [DEMO_BG_START]  Enhanced UnifiedDemoSerialCLI background thread started
10:49:59 [INFO] root: 10:49:59.988 [INFO] [DEMO_BG_END]  Enhanced background thread ending
10:49:59 [INFO] root: 10:49:59.988 [INFO] [DEMO_BG_THREAD]  Demo background thread started
10:49:59 [INFO] root: 10:49:59.988 [INFO] [DEMO_BG_END]  Enhanced background thread ending
10:50:00 [INFO] root: 10:50:00.152 [INFO] [HOST_DASHBOARD_CREATE]  Creating host dashboard
10:50:00 [INFO] root: 10:50:00.152 [INFO] [HOST_DASHBOARD_CREATE]  Creating host dashboard
10:50:00 [INFO] root: 10:50:00.153 [INFO] [HOST_DEMO_DATA]  Using enhanced demo data for host dashboard
10:50:00 [INFO] root: 10:50:00.153 [INFO] [HOST_DEMO_DATA]  Using enhanced demo data for host dashboard
10:50:00 [INFO] root: 10:50:00.252 [INFO] [HOST_DEMO_SUCCESS]  Host dashboard created from enhanced demo data
10:50:00 [INFO] root: 10:50:00.252 [INFO] [HOST_DEMO_SUCCESS]  Host dashboard created from enhanced demo data
10:50:00 [INFO] root: 10:50:00.252 [INFO] [DEVICE_CONNECT]  Connecting to device (Demo mode: True)
10:50:00 [INFO] root: 10:50:00.252 [INFO] [DEVICE_CONNECT]  Connecting to device (Demo mode: True)
10:50:00 [INFO] root: 10:50:00.252 [INFO] [DEMO_CONNECT_START]  Initializing enhanced unified demo mode
10:50:00 [INFO] root: 10:50:00.252 [INFO] [DEMO_CONNECT_START]  Initializing enhanced unified demo mode
10:50:00 [INFO] root: 10:50:00.252 [INFO] [DEMO_CONNECT_DELAY]  Simulating connection delay: 0.1s
10:50:00 [INFO] root: 10:50:00.252 [INFO] [DEMO_CONNECT_DELAY]  Simulating connection delay: 0.1s
10:50:00 [INFO] root: 10:50:00.353 [INFO] [DEMO_SYSINFO_READY]  Sysinfo data available for demo mode
10:50:00 [INFO] root: 10:50:00.353 [INFO] [DEMO_SYSINFO_READY]  Sysinfo data available for demo mode
10:50:00 [INFO] root: 10:50:00.353 [INFO] [DEMO_PARSER_READY]  Enhanced parser ready for demo parsing
10:50:00 [INFO] root: 10:50:00.353 [INFO] [DEMO_PARSER_READY]  Enhanced parser ready for demo parsing
10:50:00 [INFO] root: 10:50:00.353 [INFO] [DEMO_CONNECT_SUCCESS]  Enhanced UnifiedDemoSerialCLI connected successfully
10:50:00 [INFO] root: 10:50:00.353 [INFO] [DEMO_CONNECT_SUCCESS]  Enhanced UnifiedDemoSerialCLI connected successfully
10:50:00 [INFO] root: 10:50:00.353 [INFO] [CLI_CONNECT_SUCCESS]  CLI connected successfully
10:50:00 [INFO] root: 10:50:00.353 [INFO] [CLI_CONNECT_SUCCESS]  CLI connected successfully
10:50:00 [INFO] root: 10:50:00.353 [INFO] [DEMO_ENHANCED_DATA]  Using enhanced demo data
10:50:00 [INFO] root: 10:50:00.353 [INFO] [DEMO_ENHANCED_DATA]  Using enhanced demo data
10:50:00 [INFO] root: 10:50:00.354 [INFO] [DEMO_BG_START]  Enhanced UnifiedDemoSerialCLI background thread started
10:50:00 [INFO] root: 10:50:00.354 [INFO] [DEMO_BG_START]  Enhanced UnifiedDemoSerialCLI background thread started
10:50:00 [INFO] root: 10:50:00.372 [INFO] [HOST_DASHBOARD_CREATE]  Creating host dashboard
10:50:00 [INFO] root: 10:50:00.372 [INFO] [HOST_DASHBOARD_CREATE]  Creating host dashboard
10:50:00 [INFO] root: 10:50:00.373 [INFO] [HOST_DEMO_DATA]  Using enhanced demo data for host dashboard
10:50:00 [INFO] root: 10:50:00.373 [INFO] [HOST_DEMO_DATA]  Using enhanced demo data for host dashboard
10:50:00 [INFO] root: 10:50:00.410 [INFO] [HOST_DEMO_SUCCESS]  Host dashboard created from enhanced demo data
10:50:00 [INFO] root: 10:50:00.410 [INFO] [HOST_DEMO_SUCCESS]  Host dashboard created from enhanced demo data
10:50:01 [INFO] root: 10:50:01.821 [INFO] [LINK_DASHBOARD_FORMATTED]  Creating properly formatted link status dashboard
10:50:01 [INFO] root: 10:50:01.821 [INFO] [LINK_DASHBOARD_FORMATTED]  Creating properly formatted link status dashboard
10:50:01 [INFO] root: 10:50:01.821 [INFO] [DEMO_FORMATTED_MODE]  Demo mode - creating formatted link dashboard
10:50:01 [INFO] root: 10:50:01.821 [INFO] [DEMO_FORMATTED_MODE]  Demo mode - creating formatted link dashboard
10:50:01 [INFO] root: 10:50:01.822 [INFO] [EXTRACT_SHOWPORT]  Extracting showport section from sysinfo
10:50:01 [INFO] root: 10:50:01.822 [INFO] [EXTRACT_SHOWPORT]  Extracting showport section from sysinfo
10:50:01 [INFO] root: 10:50:01.822 [INFO] [PATTERN_TRY]  Trying pattern 1 for showport extraction
10:50:01 [INFO] root: 10:50:01.822 [INFO] [PATTERN_TRY]  Trying pattern 1 for showport extraction
10:50:01 [INFO] root: 10:50:01.822 [INFO] [PATTERN_SUCCESS]  Pattern 1 matched, extracted 393 chars
10:50:01 [INFO] root: 10:50:01.822 [INFO] [PATTERN_SUCCESS]  Pattern 1 matched, extracted 393 chars
10:50:01 [INFO] root: 10:50:01.823 [INFO] [CONTENT_VERIFIED]  Showport content verification passed
10:50:01 [INFO] root: 10:50:01.823 [INFO] [CONTENT_VERIFIED]  Showport content verification passed
10:50:01 [INFO] root: 10:50:01.823 [INFO] [FORMATTED_DASHBOARD]  Creating formatted link dashboard from showport content
10:50:01 [INFO] root: 10:50:01.823 [INFO] [FORMATTED_DASHBOARD]  Creating formatted link dashboard from showport content
10:50:01 [INFO] root: 10:50:01.823 [INFO] [FORMATTED_PARSE]  Parsed 3 ports for formatted display
10:50:01 [INFO] root: 10:50:01.823 [INFO] [FORMATTED_PARSE]  Parsed 3 ports for formatted display
10:50:01 [INFO] root: 10:50:01.823 [INFO] [LOAD_IMAGE]  Loading HCFront.png image
10:50:01 [INFO] root: 10:50:01.823 [INFO] [LOAD_IMAGE]  Loading HCFront.png image
10:50:01 [INFO] root: 10:50:01.824 [INFO] [IMAGE_PATH_CHECK]  Checking image path 1: C:\Users\josh\PycharmProjects\CalypsoPy\Images\HCFront.png
10:50:01 [INFO] root: 10:50:01.824 [INFO] [IMAGE_PATH_CHECK]  Checking image path 1: C:\Users\josh\PycharmProjects\CalypsoPy\Images\HCFront.png
10:50:01 [INFO] root: 10:50:01.962 [INFO] [IMAGE_LOADED]  Successfully loaded and resized image: 647x400
10:50:01 [INFO] root: 10:50:01.962 [INFO] [IMAGE_LOADED]  Successfully loaded and resized image: 647x400
10:50:01 [INFO] root: 10:50:01.975 [INFO] [FORMATTED_ROW]  Creating formatted row: Port 112 - No Link 
10:50:01 [INFO] root: 10:50:01.975 [INFO] [FORMATTED_ROW]  Creating formatted row: Port 112 - No Link 
10:50:01 [INFO] root: 10:50:01.980 [INFO] [FORMATTED_ROW]  Creating formatted row: Port 128 - No Link 
10:50:01 [INFO] root: 10:50:01.980 [INFO] [FORMATTED_ROW]  Creating formatted row: Port 128 - No Link 
10:50:01 [INFO] root: 10:50:01.983 [INFO] [FORMATTED_ROW]  Creating formatted row: Port 80 - Gen6 x04
10:50:01 [INFO] root: 10:50:01.983 [INFO] [FORMATTED_ROW]  Creating formatted row: Port 80 - Gen6 x04
10:50:02 [INFO] root: 10:50:02.001 [INFO] [FORMATTED_ROW]  Creating formatted row: Golden Finger - Gen5 x16
10:50:02 [INFO] root: 10:50:02.001 [INFO] [FORMATTED_ROW]  Creating formatted row: Golden Finger - Gen5 x16
10:50:02 [INFO] root: 10:50:02.011 [INFO] [FORMATTED_SUCCESS]  Formatted link dashboard created successfully
10:50:02 [INFO] root: 10:50:02.011 [INFO] [FORMATTED_SUCCESS]  Formatted link dashboard created successfully
10:52:36 [INFO] root: 10:52:36.225 [INFO] [DEMO_DISCONNECT]  Disconnecting enhanced demo mode
10:52:36 [INFO] root: 10:52:36.225 [INFO] [DEMO_DISCONNECT]  Disconnecting enhanced demo mode
10:52:36 [INFO] root: 10:52:36.225 [INFO] [DEMO_DISCONNECT_SUCCESS]  Enhanced UnifiedDemoSerialCLI disconnected
10:52:36 [INFO] root: 10:52:36.225 [INFO] [DEMO_DISCONNECT_SUCCESS]  Enhanced UnifiedDemoSerialCLI disconnected
10:52:36 [INFO] root: 10:52:36.248 [INFO] [DEMO_BG_END]  Enhanced background thread ending
10:52:36 [INFO] root: 10:52:36.248 [INFO] [DEMO_BG_END]  Enhanced background thread ending
10:53:31 [INFO] root: 10:53:31.072 [INFO] [DASHBOARD_INIT]  Initializing DashboardApp for Demo mode
10:53:31 [INFO] root: 10:53:31.072 [INFO] [DASHBOARD_INIT]  Initializing DashboardApp for Demo mode
10:53:31 [INFO] root: 10:53:31.075 [INFO] [DEMO_CLI_CREATE]  Creating enhanced demo CLI for port: DEMO
10:53:31 [INFO] root: 10:53:31.075 [INFO] [DEMO_CLI_CREATE]  Creating enhanced demo CLI for port: DEMO
10:53:31 [INFO] root: 10:53:31.076 [INFO] [DEMO_PARSER_INIT]  Enhanced parser initialized with cache manager
10:53:31 [INFO] root: 10:53:31.076 [INFO] [DEMO_PARSER_INIT]  Enhanced parser initialized with cache manager
10:53:31 [INFO] root: 10:53:31.076 [INFO] [DEMO_FILE_SEARCH]  Searching for demo sysinfo file
10:53:31 [INFO] root: 10:53:31.076 [INFO] [DEMO_FILE_SEARCH]  Searching for demo sysinfo file
10:53:31 [INFO] root: 10:53:31.077 [INFO] [FILE_LOADED]  Loaded demo sysinfo from DemoData/sysinfo.txt (1459 chars)
10:53:31 [INFO] root: 10:53:31.077 [INFO] [FILE_LOADED]  Loaded demo sysinfo from DemoData/sysinfo.txt (1459 chars)
10:53:31 [INFO] root: 10:53:31.077 [INFO] [CONTENT_VERIFIED]  Sysinfo content verification passed
10:53:31 [INFO] root: 10:53:31.077 [INFO] [CONTENT_VERIFIED]  Sysinfo content verification passed
10:53:31 [INFO] root: 10:53:31.078 [INFO] [SHOWPORT_SEARCH]  Searching for demo showport.txt file
10:53:31 [INFO] root: 10:53:31.078 [INFO] [SHOWPORT_SEARCH]  Searching for demo showport.txt file
10:53:31 [INFO] root: 10:53:31.078 [INFO] [SHOWPORT_LOADED]  Loaded demo showport from DemoData/showport.txt (454 chars)
10:53:31 [INFO] root: 10:53:31.078 [INFO] [SHOWPORT_LOADED]  Loaded demo showport from DemoData/showport.txt (454 chars)
10:53:31 [INFO] root: 10:53:31.078 [INFO] [DEMO_PARSE_START]  Parsing initial demo content
10:53:31 [INFO] root: 10:53:31.078 [INFO] [DEMO_PARSE_START]  Parsing initial demo content
10:53:31 [INFO] root: 10:53:31.179 [INFO] [DEMO_PARSE_SUCCESS]  Initial demo content parsed successfully
10:53:31 [INFO] root: 10:53:31.179 [INFO] [DEMO_PARSE_SUCCESS]  Initial demo content parsed successfully
10:53:31 [ERROR] root: 10:53:31.180 [ERROR] [DEMO_PARSE_EXCEPTION]  Initial demo content parsing exception: 'DeviceDataCache' object has no attribute 'store'
10:53:31 [ERROR] root: 10:53:31.180 [ERROR] [DEMO_PARSE_EXCEPTION]  Initial demo content parsing exception: 'DeviceDataCache' object has no attribute 'store'
10:53:31 [INFO] root: 10:53:31.180 [INFO] [DEMO_CLI_INIT]  Enhanced UnifiedDemoSerialCLI initialized for DEMO
10:53:31 [INFO] root: 10:53:31.180 [INFO] [DEMO_CLI_INIT]  Enhanced UnifiedDemoSerialCLI initialized for DEMO
10:53:31 [INFO] root: 10:53:31.180 [INFO] [DEMO_SYSINFO_LOADED]  Demo sysinfo content loaded: 1459 chars
10:53:31 [INFO] root: 10:53:31.180 [INFO] [DEMO_SYSINFO_LOADED]  Demo sysinfo content loaded: 1459 chars
10:53:31 [INFO] root: 10:53:31.180 [INFO] [DEMO_SHOWPORT_LOADED]  Demo showport content loaded: 454 chars
10:53:31 [INFO] root: 10:53:31.180 [INFO] [DEMO_SHOWPORT_LOADED]  Demo showport content loaded: 454 chars
10:53:31 [INFO] root: 10:53:31.180 [INFO] [DEMO_PARSER_AVAILABLE]  Enhanced parser available for demo parsing
10:53:31 [INFO] root: 10:53:31.180 [INFO] [DEMO_PARSER_AVAILABLE]  Enhanced parser available for demo parsing
10:53:31 [INFO] root: 10:53:31.180 [INFO] [DEMO_CLI_CREATE_SUCCESS]  Enhanced demo CLI created successfully
10:53:31 [INFO] root: 10:53:31.180 [INFO] [DEMO_CLI_CREATE_SUCCESS]  Enhanced demo CLI created successfully
10:53:31 [INFO] root: 10:53:31.181 [INFO] [CLI_ENHANCED_DEMO]  Using Enhanced UnifiedDemoSerialCLI for demo mode
10:53:31 [INFO] root: 10:53:31.181 [INFO] [CLI_ENHANCED_DEMO]  Using Enhanced UnifiedDemoSerialCLI for demo mode
10:53:31 [INFO] root: 10:53:31.181 [INFO] [DEMO_BG_START]  Enhanced UnifiedDemoSerialCLI background thread started
10:53:31 [INFO] root: 10:53:31.182 [INFO] [DEMO_BG_THREAD]  Demo background thread started
10:53:31 [INFO] root: 10:53:31.181 [INFO] [DEMO_BG_START]  Enhanced UnifiedDemoSerialCLI background thread started
10:53:31 [INFO] root: 10:53:31.182 [INFO] [DEMO_BG_END]  Enhanced background thread ending
10:53:31 [INFO] root: 10:53:31.182 [INFO] [DEMO_BG_THREAD]  Demo background thread started
10:53:31 [INFO] root: 10:53:31.182 [INFO] [DEMO_BG_END]  Enhanced background thread ending
10:53:31 [INFO] root: 10:53:31.343 [INFO] [HOST_DASHBOARD_CREATE]  Creating host dashboard
10:53:31 [INFO] root: 10:53:31.343 [INFO] [HOST_DASHBOARD_CREATE]  Creating host dashboard
10:53:31 [INFO] root: 10:53:31.344 [INFO] [HOST_DEMO_DATA]  Using enhanced demo data for host dashboard
10:53:31 [INFO] root: 10:53:31.344 [INFO] [HOST_DEMO_DATA]  Using enhanced demo data for host dashboard
10:53:31 [INFO] root: 10:53:31.447 [INFO] [HOST_DEMO_SUCCESS]  Host dashboard created from enhanced demo data
10:53:31 [INFO] root: 10:53:31.447 [INFO] [HOST_DEMO_SUCCESS]  Host dashboard created from enhanced demo data
10:53:31 [INFO] root: 10:53:31.448 [INFO] [DEVICE_CONNECT]  Connecting to device (Demo mode: True)
10:53:31 [INFO] root: 10:53:31.448 [INFO] [DEVICE_CONNECT]  Connecting to device (Demo mode: True)
10:53:31 [INFO] root: 10:53:31.448 [INFO] [DEMO_CONNECT_START]  Initializing enhanced unified demo mode
10:53:31 [INFO] root: 10:53:31.448 [INFO] [DEMO_CONNECT_START]  Initializing enhanced unified demo mode
10:53:31 [INFO] root: 10:53:31.448 [INFO] [DEMO_CONNECT_DELAY]  Simulating connection delay: 0.1s
10:53:31 [INFO] root: 10:53:31.448 [INFO] [DEMO_CONNECT_DELAY]  Simulating connection delay: 0.1s
10:53:31 [INFO] root: 10:53:31.549 [INFO] [DEMO_SYSINFO_READY]  Sysinfo data available for demo mode
10:53:31 [INFO] root: 10:53:31.549 [INFO] [DEMO_SYSINFO_READY]  Sysinfo data available for demo mode
10:53:31 [INFO] root: 10:53:31.549 [INFO] [DEMO_PARSER_READY]  Enhanced parser ready for demo parsing
10:53:31 [INFO] root: 10:53:31.549 [INFO] [DEMO_PARSER_READY]  Enhanced parser ready for demo parsing
10:53:31 [INFO] root: 10:53:31.549 [INFO] [DEMO_CONNECT_SUCCESS]  Enhanced UnifiedDemoSerialCLI connected successfully
10:53:31 [INFO] root: 10:53:31.549 [INFO] [DEMO_CONNECT_SUCCESS]  Enhanced UnifiedDemoSerialCLI connected successfully
10:53:31 [INFO] root: 10:53:31.549 [INFO] [CLI_CONNECT_SUCCESS]  CLI connected successfully
10:53:31 [INFO] root: 10:53:31.549 [INFO] [CLI_CONNECT_SUCCESS]  CLI connected successfully
10:53:31 [INFO] root: 10:53:31.549 [INFO] [DEMO_ENHANCED_DATA]  Using enhanced demo data
10:53:31 [INFO] root: 10:53:31.549 [INFO] [DEMO_ENHANCED_DATA]  Using enhanced demo data
10:53:31 [INFO] root: 10:53:31.550 [INFO] [DEMO_BG_START]  Enhanced UnifiedDemoSerialCLI background thread started
10:53:31 [INFO] root: 10:53:31.550 [INFO] [DEMO_BG_START]  Enhanced UnifiedDemoSerialCLI background thread started
10:53:31 [INFO] root: 10:53:31.566 [INFO] [HOST_DASHBOARD_CREATE]  Creating host dashboard
10:53:31 [INFO] root: 10:53:31.566 [INFO] [HOST_DASHBOARD_CREATE]  Creating host dashboard
10:53:31 [INFO] root: 10:53:31.566 [INFO] [HOST_DEMO_DATA]  Using enhanced demo data for host dashboard
10:53:31 [INFO] root: 10:53:31.566 [INFO] [HOST_DEMO_DATA]  Using enhanced demo data for host dashboard
10:53:31 [INFO] root: 10:53:31.599 [INFO] [HOST_DEMO_SUCCESS]  Host dashboard created from enhanced demo data
10:53:31 [INFO] root: 10:53:31.599 [INFO] [HOST_DEMO_SUCCESS]  Host dashboard created from enhanced demo data
10:53:32 [INFO] root: 10:53:32.683 [INFO] [LINK_DASHBOARD_FORMATTED]  Creating properly formatted link status dashboard
10:53:32 [INFO] root: 10:53:32.683 [INFO] [LINK_DASHBOARD_FORMATTED]  Creating properly formatted link status dashboard
10:53:32 [INFO] root: 10:53:32.683 [INFO] [DEMO_FORMATTED_MODE]  Demo mode - creating formatted link dashboard
10:53:32 [INFO] root: 10:53:32.683 [INFO] [DEMO_FORMATTED_MODE]  Demo mode - creating formatted link dashboard
10:53:32 [INFO] root: 10:53:32.683 [INFO] [EXTRACT_SHOWPORT]  Extracting showport section from sysinfo
10:53:32 [INFO] root: 10:53:32.683 [INFO] [EXTRACT_SHOWPORT]  Extracting showport section from sysinfo
10:53:32 [INFO] root: 10:53:32.683 [INFO] [PATTERN_TRY]  Trying pattern 1 for showport extraction
10:53:32 [INFO] root: 10:53:32.683 [INFO] [PATTERN_TRY]  Trying pattern 1 for showport extraction
10:53:32 [INFO] root: 10:53:32.683 [INFO] [PATTERN_SUCCESS]  Pattern 1 matched, extracted 393 chars
10:53:32 [INFO] root: 10:53:32.683 [INFO] [PATTERN_SUCCESS]  Pattern 1 matched, extracted 393 chars
10:53:32 [INFO] root: 10:53:32.684 [INFO] [CONTENT_VERIFIED]  Showport content verification passed
10:53:32 [INFO] root: 10:53:32.684 [INFO] [CONTENT_VERIFIED]  Showport content verification passed
10:53:32 [INFO] root: 10:53:32.684 [INFO] [FORMATTED_DASHBOARD]  Creating formatted link dashboard from showport content
10:53:32 [INFO] root: 10:53:32.684 [INFO] [FORMATTED_DASHBOARD]  Creating formatted link dashboard from showport content
10:53:32 [INFO] root: 10:53:32.684 [INFO] [FORMATTED_PARSE]  Parsed 3 ports for formatted display
10:53:32 [INFO] root: 10:53:32.684 [INFO] [FORMATTED_PARSE]  Parsed 3 ports for formatted display
10:53:32 [INFO] root: 10:53:32.684 [INFO] [LOAD_IMAGE]  Loading HCFront.png image
10:53:32 [INFO] root: 10:53:32.684 [INFO] [LOAD_IMAGE]  Loading HCFront.png image
10:53:32 [INFO] root: 10:53:32.684 [INFO] [IMAGE_PATH_CHECK]  Checking image path 1: C:\Users\josh\PycharmProjects\CalypsoPy\Images\HCFront.png
10:53:32 [INFO] root: 10:53:32.684 [INFO] [IMAGE_PATH_CHECK]  Checking image path 1: C:\Users\josh\PycharmProjects\CalypsoPy\Images\HCFront.png
10:53:32 [INFO] root: 10:53:32.965 [INFO] [IMAGE_LOADED]  Successfully loaded and resized image: 1200x741
10:53:32 [INFO] root: 10:53:32.965 [INFO] [IMAGE_LOADED]  Successfully loaded and resized image: 1200x741
10:53:32 [INFO] root: 10:53:32.976 [INFO] [FORMATTED_ROW]  Creating formatted row: Port 112 - No Link 
10:53:32 [INFO] root: 10:53:32.976 [INFO] [FORMATTED_ROW]  Creating formatted row: Port 112 - No Link 
10:53:32 [INFO] root: 10:53:32.980 [INFO] [FORMATTED_ROW]  Creating formatted row: Port 128 - No Link 
10:53:32 [INFO] root: 10:53:32.980 [INFO] [FORMATTED_ROW]  Creating formatted row: Port 128 - No Link 
10:53:32 [INFO] root: 10:53:32.983 [INFO] [FORMATTED_ROW]  Creating formatted row: Port 80 - Gen6 x04
10:53:32 [INFO] root: 10:53:32.983 [INFO] [FORMATTED_ROW]  Creating formatted row: Port 80 - Gen6 x04
10:53:32 [INFO] root: 10:53:32.986 [INFO] [FORMATTED_ROW]  Creating formatted row: Golden Finger - Gen5 x16
10:53:32 [INFO] root: 10:53:32.986 [INFO] [FORMATTED_ROW]  Creating formatted row: Golden Finger - Gen5 x16
10:53:32 [INFO] root: 10:53:32.997 [INFO] [FORMATTED_SUCCESS]  Formatted link dashboard created successfully
10:53:32 [INFO] root: 10:53:32.997 [INFO] [FORMATTED_SUCCESS]  Formatted link dashboard created successfully
10:56:21 [INFO] root: 10:56:21.425 [INFO] [DEMO_DISCONNECT]  Disconnecting enhanced demo mode
10:56:21 [INFO] root: 10:56:21.425 [INFO] [DEMO_DISCONNECT]  Disconnecting enhanced demo mode
10:56:21 [INFO] root: 10:56:21.425 [INFO] [DEMO_DISCONNECT_SUCCESS]  Enhanced UnifiedDemoSerialCLI disconnected
10:56:21 [INFO] root: 10:56:21.425 [INFO] [DEMO_DISCONNECT_SUCCESS]  Enhanced UnifiedDemoSerialCLI disconnected
10:56:21 [INFO] root: 10:56:21.433 [INFO] [DEMO_BG_END]  Enhanced background thread ending
10:56:21 [INFO] root: 10:56:21.433 [INFO] [DEMO_BG_END]  Enhanced background thread ending
